<?xml version="1.0" encoding="UTF-8"?>
<testng-results ignored="0" total="1" passed="1" failed="0" skipped="0">
  <reporter-output>
  </reporter-output>
  <suite started-at="2023-04-27T16:07:52 IST" name="Default suite" finished-at="2023-04-27T16:07:52 IST" duration-ms="216">
    <groups>
    </groups>
    <test started-at="2023-04-27T16:07:52 IST" name="Default test" finished-at="2023-04-27T16:07:52 IST" duration-ms="216">
      <class name="testng2">
        <test-method signature="f()[pri:0, instance:testng2@71def8f8]" started-at="2023-04-27T16:07:52 IST" name="f" finished-at="2023-04-27T16:07:52 IST" duration-ms="8" status="PASS">
          <reporter-output>
          </reporter-output>
        </test-method> <!-- f -->
      </class> <!-- testng2 -->
    </test> <!-- Default test -->
  </suite> <!-- Default suite -->
</testng-results>
